Flow report for dementia
Thu Dec 21 01:49:55 2023
Quartus Prime Version 20.1.1 Build 720 11/11/2020 SJ Lite Edition


---------------------
; Table of Contents ;
---------------------
  1. Legal Notice
  2. Flow Summary
  3. Flow Settings
  4. Flow Non-Default Global Settings
  5. Flow Elapsed Time
  6. Flow OS Summary
  7. Flow Log
  8. Flow Messages
  9. Flow Suppressed Messages



----------------
; Legal Notice ;
----------------
Copyright (C) 2020  Intel Corporation. All rights reserved.
Your use of Intel Corporation's design tools, logic functions 
and other software and tools, and any partner logic 
functions, and any output files from any of the foregoing 
(including device programming or simulation files), and any 
associated documentation or information are expressly subject 
to the terms and conditions of the Intel Program License 
Subscription Agreement, the Intel Quartus Prime License Agreement,
the Intel FPGA IP License Agreement, or other applicable license
agreement, including, without limitation, that your use is for
the sole purpose of programming logic devices manufactured by
Intel and sold by Intel or its authorized distributors.  Please
refer to the applicable agreement for further details, at
https://fpgasoftware.intel.com/eula.



+----------------------------------------------------------------------------------+
; Flow Summary                                                                     ;
+------------------------------------+---------------------------------------------+
; Flow Status                        ; Successful - Thu Dec 21 01:49:50 2023       ;
; Quartus Prime Version              ; 20.1.1 Build 720 11/11/2020 SJ Lite Edition ;
; Revision Name                      ; dementia                                    ;
; Top-level Entity Name              ; dementia                                    ;
; Family                             ; Cyclone IV E                                ;
; Device                             ; EP4CE115F29C8                               ;
; Timing Models                      ; Final                                       ;
; Total logic elements               ; 1,780 / 114,480 ( 2 % )                     ;
;     Total combinational functions  ; 1,763 / 114,480 ( 2 % )                     ;
;     Dedicated logic registers      ; 396 / 114,480 ( < 1 % )                     ;
; Total registers                    ; 396                                         ;
; Total pins                         ; 34 / 529 ( 6 % )                            ;
; Total virtual pins                 ; 0                                           ;
; Total memory bits                  ; 1,868,288 / 3,981,312 ( 47 % )              ;
; Embedded Multiplier 9-bit elements ; 0 / 532 ( 0 % )                             ;
; Total PLLs                         ; 1 / 4 ( 25 % )                              ;
+------------------------------------+---------------------------------------------+


+-----------------------------------------+
; Flow Settings                           ;
+-------------------+---------------------+
; Option            ; Setting             ;
+-------------------+---------------------+
; Start date & time ; 12/21/2023 01:48:47 ;
; Main task         ; Compilation         ;
; Revision Name     ; dementia            ;
+-------------------+---------------------+


+-------------------------------------------------------------------------------------------------------------------------+
; Flow Non-Default Global Settings                                                                                        ;
+-------------------------------------+----------------------------------------+---------------+-------------+------------+
; Assignment Name                     ; Value                                  ; Default Value ; Entity Name ; Section Id ;
+-------------------------------------+----------------------------------------+---------------+-------------+------------+
; COMPILER_SIGNATURE_ID               ; 62156058473670.170309092715464         ; --            ; --          ; --         ;
; MAX_CORE_JUNCTION_TEMP              ; 85                                     ; --            ; --          ; --         ;
; MIN_CORE_JUNCTION_TEMP              ; 0                                      ; --            ; --          ; --         ;
; MISC_FILE                           ; clockGen_bb.v                          ; --            ; --          ; --         ;
; MISC_FILE                           ; clockGen.ppf                           ; --            ; --          ; --         ;
; MISC_FILE                           ; cursorpic_bb.v                         ; --            ; --          ; --         ;
; MISC_FILE                           ; applepic_bb.v                          ; --            ; --          ; --         ;
; MISC_FILE                           ; colorcardpic_bb.v                      ; --            ; --          ; --         ;
; MISC_FILE                           ; brainpic_bb.v                          ; --            ; --          ; --         ;
; MISC_FILE                           ; mentpic_bb.v                           ; --            ; --          ; --         ;
; MISC_FILE                           ; gabojagopic_bb.v                       ; --            ; --          ; --         ;
; MISC_FILE                           ; pic0_bb.v                              ; --            ; --          ; --         ;
; MISC_FILE                           ; pic1_bb.v                              ; --            ; --          ; --         ;
; MISC_FILE                           ; pic2_bb.v                              ; --            ; --          ; --         ;
; MISC_FILE                           ; pic3_bb.v                              ; --            ; --          ; --         ;
; MISC_FILE                           ; pic4_bb.v                              ; --            ; --          ; --         ;
; MISC_FILE                           ; pic5_bb.v                              ; --            ; --          ; --         ;
; MISC_FILE                           ; pic6_bb.v                              ; --            ; --          ; --         ;
; MISC_FILE                           ; pic7_bb.v                              ; --            ; --          ; --         ;
; MISC_FILE                           ; pic8_bb.v                              ; --            ; --          ; --         ;
; MISC_FILE                           ; pic9_bb.v                              ; --            ; --          ; --         ;
; MISC_FILE                           ; piecepic_bb.v                          ; --            ; --          ; --         ;
; MISC_FILE                           ; rightanswerpic_bb.v                    ; --            ; --          ; --         ;
; MISC_FILE                           ; secondpic_bb.v                         ; --            ; --          ; --         ;
; MISC_FILE                           ; timepic_bb.v                           ; --            ; --          ; --         ;
; MISC_FILE                           ; wronganswerpic_bb.v                    ; --            ; --          ; --         ;
; MISC_FILE                           ; chimeipic_bb.v                         ; --            ; --          ; --         ;
; MISC_FILE                           ; cong1pic_bb.v                          ; --            ; --          ; --         ;
; MISC_FILE                           ; cong2pic_bb.v                          ; --            ; --          ; --         ;
; MISC_FILE                           ; gameoverpic_bb.v                       ; --            ; --          ; --         ;
; NOMINAL_CORE_SUPPLY_VOLTAGE         ; 1.2V                                   ; --            ; --          ; --         ;
; PARTITION_COLOR                     ; -- (Not supported for targeted family) ; --            ; --          ; Top        ;
; PARTITION_FITTER_PRESERVATION_LEVEL ; -- (Not supported for targeted family) ; --            ; --          ; Top        ;
; PARTITION_NETLIST_TYPE              ; -- (Not supported for targeted family) ; --            ; --          ; Top        ;
; PROJECT_OUTPUT_DIRECTORY            ; output_files                           ; --            ; --          ; --         ;
+-------------------------------------+----------------------------------------+---------------+-------------+------------+


+--------------------------------------------------------------------------------------------------------------------------+
; Flow Elapsed Time                                                                                                        ;
+----------------------+--------------+-------------------------+---------------------+------------------------------------+
; Module Name          ; Elapsed Time ; Average Processors Used ; Peak Virtual Memory ; Total CPU Time (on all processors) ;
+----------------------+--------------+-------------------------+---------------------+------------------------------------+
; Analysis & Synthesis ; 00:00:29     ; 1.0                     ; 4840 MB             ; 00:00:16                           ;
; Fitter               ; 00:00:25     ; 1.1                     ; 5740 MB             ; 00:00:11                           ;
; Assembler            ; 00:00:03     ; 1.0                     ; 4744 MB             ; 00:00:01                           ;
; Timing Analyzer      ; 00:00:03     ; 1.2                     ; 4932 MB             ; 00:00:01                           ;
; Total                ; 00:01:00     ; --                      ; --                  ; 00:00:29                           ;
+----------------------+--------------+-------------------------+---------------------+------------------------------------+


+------------------------------------------------------------------------------------+
; Flow OS Summary                                                                    ;
+----------------------+------------------+------------+------------+----------------+
; Module Name          ; Machine Hostname ; OS Name    ; OS Version ; Processor type ;
+----------------------+------------------+------------+------------+----------------+
; Analysis & Synthesis ; DESKTOP-KC2AFIP  ; Windows 10 ; 10.0       ; x86_64         ;
; Fitter               ; DESKTOP-KC2AFIP  ; Windows 10 ; 10.0       ; x86_64         ;
; Assembler            ; DESKTOP-KC2AFIP  ; Windows 10 ; 10.0       ; x86_64         ;
; Timing Analyzer      ; DESKTOP-KC2AFIP  ; Windows 10 ; 10.0       ; x86_64         ;
+----------------------+------------------+------------+------------+----------------+


------------
; Flow Log ;
------------
quartus_map --read_settings_files=on --write_settings_files=off dementia -c dementia
quartus_fit --read_settings_files=off --write_settings_files=off dementia -c dementia
quartus_asm --read_settings_files=off --write_settings_files=off dementia -c dementia
quartus_sta dementia -c dementia



